The system is: Linux - 5.4.0-80-generic - x86_64
Compiling the CXX compiler identification source file "CMakeCXXCompilerId.cpp" succeeded.
Compiler: /software/gcc/12.1.0/bin/g++ 
Build flags: 
Id flags:  

The output was:
0


Compilation of the CXX compiler identification source "CMakeCXXCompilerId.cpp" produced "a.out"

The CXX compiler identification is GNU, found in "/home/seemaier/distributed-graph-partitioner/src/Driver/build/CMakeFiles/3.19.1/CompilerIdCXX/a.out"

Detecting CXX compiler ABI info compiled with the following output:
Change Dir: /home/seemaier/distributed-graph-partitioner/src/Driver/build/CMakeFiles/CMakeTmp

Run Build Command(s):/usr/bin/ninja cmTC_0faed && [1/2] Building CXX object CMakeFiles/cmTC_0faed.dir/CMakeCXXCompilerABI.cpp.o
Using built-in specs.
COLLECT_GCC=/software/gcc/12.1.0/bin/g++
Target: x86_64-pc-linux-gnu
Configured with: ../src/configure --prefix=/software/gcc/12.1.0 --enable-threads --enable-__cxa_atexit --disable-multilib --enable-languages=c,c++,lto
Thread model: posix
Supported LTO compression algorithms: zlib
gcc version 12.1.0 (GCC) 
COLLECT_GCC_OPTIONS='-v' '-o' 'CMakeFiles/cmTC_0faed.dir/CMakeCXXCompilerABI.cpp.o' '-c' '-shared-libgcc' '-mtune=generic' '-march=x86-64' '-dumpdir' 'CMakeFiles/cmTC_0faed.dir/'
 /software/gcc/12.1.0/libexec/gcc/x86_64-pc-linux-gnu/12.1.0/cc1plus -quiet -v -imultiarch x86_64-linux-gnu -D_GNU_SOURCE /home/seemaier/usr/share/cmake-3.19/Modules/CMakeCXXCompilerABI.cpp -quiet -dumpdir CMakeFiles/cmTC_0faed.dir/ -dumpbase CMakeCXXCompilerABI.cpp.cpp -dumpbase-ext .cpp -mtune=generic -march=x86-64 -version -o /tmp/cc0LaVnS.s
GNU C++17 (GCC) version 12.1.0 (x86_64-pc-linux-gnu)
	compiled by GNU C version 12.1.0, GMP version 6.2.1, MPFR version 4.1.0, MPC version 1.2.1, isl version isl-0.24-GMP

GGC heuristics: --param ggc-min-expand=100 --param ggc-min-heapsize=131072
ignoring nonexistent directory "/home/seemaier/usr/include137"
ignoring nonexistent directory "/home/seemaier/usr/include137"
ignoring duplicate directory "/home/seemaier/usr/include"
ignoring nonexistent directory "/usr/local/include/x86_64-linux-gnu"
ignoring nonexistent directory "/software/gcc/12.1.0/lib/gcc/x86_64-pc-linux-gnu/12.1.0/../../../../x86_64-pc-linux-gnu/include"
#include "..." search starts here:
#include <...> search starts here:
 /home/seemaier/usr/include
 .
 /software/gcc/12.1.0/lib/gcc/x86_64-pc-linux-gnu/12.1.0/../../../../include/c++/12.1.0
 /software/gcc/12.1.0/lib/gcc/x86_64-pc-linux-gnu/12.1.0/../../../../include/c++/12.1.0/x86_64-pc-linux-gnu
 /software/gcc/12.1.0/lib/gcc/x86_64-pc-linux-gnu/12.1.0/../../../../include/c++/12.1.0/backward
 /software/gcc/12.1.0/lib/gcc/x86_64-pc-linux-gnu/12.1.0/include
 /usr/local/include
 /software/gcc/12.1.0/include
 /software/gcc/12.1.0/lib/gcc/x86_64-pc-linux-gnu/12.1.0/include-fixed
 /usr/include/x86_64-linux-gnu
 /usr/include
End of search list.
GNU C++17 (GCC) version 12.1.0 (x86_64-pc-linux-gnu)
	compiled by GNU C version 12.1.0, GMP version 6.2.1, MPFR version 4.1.0, MPC version 1.2.1, isl version isl-0.24-GMP

GGC heuristics: --param ggc-min-expand=100 --param ggc-min-heapsize=131072
Compiler executable checksum: d5fc33b73b7cc439f7bc1580ac48c4fe
COLLECT_GCC_OPTIONS='-v' '-o' 'CMakeFiles/cmTC_0faed.dir/CMakeCXXCompilerABI.cpp.o' '-c' '-shared-libgcc' '-mtune=generic' '-march=x86-64' '-dumpdir' 'CMakeFiles/cmTC_0faed.dir/'
 as -v --64 -o CMakeFiles/cmTC_0faed.dir/CMakeCXXCompilerABI.cpp.o /tmp/cc0LaVnS.s
GNU assembler version 2.34 (x86_64-linux-gnu) using BFD version (GNU Binutils for Ubuntu) 2.34
COMPILER_PATH=/software/gcc/12.1.0/libexec/gcc/x86_64-pc-linux-gnu/12.1.0/:/software/gcc/12.1.0/libexec/gcc/x86_64-pc-linux-gnu/12.1.0/:/software/gcc/12.1.0/libexec/gcc/x86_64-pc-linux-gnu/:/software/gcc/12.1.0/lib/gcc/x86_64-pc-linux-gnu/12.1.0/:/software/gcc/12.1.0/lib/gcc/x86_64-pc-linux-gnu/
LIBRARY_PATH=/software/gcc/12.1.0/lib/gcc/x86_64-pc-linux-gnu/12.1.0/:/software/gcc/12.1.0/lib/gcc/x86_64-pc-linux-gnu/12.1.0/../../../../lib64/:/lib/x86_64-linux-gnu/:/lib/../lib64/:/usr/lib/x86_64-linux-gnu/:/usr/lib/../lib64/:/software/gcc/12.1.0/lib/gcc/x86_64-pc-linux-gnu/12.1.0/../../../:/lib/:/usr/lib/
COLLECT_GCC_OPTIONS='-v' '-o' 'CMakeFiles/cmTC_0faed.dir/CMakeCXXCompilerABI.cpp.o' '-c' '-shared-libgcc' '-mtune=generic' '-march=x86-64' '-dumpdir' 'CMakeFiles/cmTC_0faed.dir/CMakeCXXCompilerABI.cpp.'
[2/2] Linking CXX executable cmTC_0faed
Using built-in specs.
COLLECT_GCC=/software/gcc/12.1.0/bin/g++
COLLECT_LTO_WRAPPER=/software/gcc/12.1.0/libexec/gcc/x86_64-pc-linux-gnu/12.1.0/lto-wrapper
Target: x86_64-pc-linux-gnu
Configured with: ../src/configure --prefix=/software/gcc/12.1.0 --enable-threads --enable-__cxa_atexit --disable-multilib --enable-languages=c,c++,lto
Thread model: posix
Supported LTO compression algorithms: zlib
gcc version 12.1.0 (GCC) 
COMPILER_PATH=/software/gcc/12.1.0/libexec/gcc/x86_64-pc-linux-gnu/12.1.0/:/software/gcc/12.1.0/libexec/gcc/x86_64-pc-linux-gnu/12.1.0/:/software/gcc/12.1.0/libexec/gcc/x86_64-pc-linux-gnu/:/software/gcc/12.1.0/lib/gcc/x86_64-pc-linux-gnu/12.1.0/:/software/gcc/12.1.0/lib/gcc/x86_64-pc-linux-gnu/
LIBRARY_PATH=/software/gcc/12.1.0/lib/gcc/x86_64-pc-linux-gnu/12.1.0/:/software/gcc/12.1.0/lib/gcc/x86_64-pc-linux-gnu/12.1.0/../../../../lib64/:/lib/x86_64-linux-gnu/:/lib/../lib64/:/usr/lib/x86_64-linux-gnu/:/usr/lib/../lib64/:/software/gcc/12.1.0/lib/gcc/x86_64-pc-linux-gnu/12.1.0/../../../:/lib/:/usr/lib/
COLLECT_GCC_OPTIONS='-v' '-rdynamic' '-o' 'cmTC_0faed' '-shared-libgcc' '-mtune=generic' '-march=x86-64' '-dumpdir' 'cmTC_0faed.'
 /software/gcc/12.1.0/libexec/gcc/x86_64-pc-linux-gnu/12.1.0/collect2 -plugin /software/gcc/12.1.0/libexec/gcc/x86_64-pc-linux-gnu/12.1.0/liblto_plugin.so -plugin-opt=/software/gcc/12.1.0/libexec/gcc/x86_64-pc-linux-gnu/12.1.0/lto-wrapper -plugin-opt=-fresolution=/tmp/ccv5Wvxd.res -plugin-opt=-pass-through=-lgcc_s -plugin-opt=-pass-through=-lgcc -plugin-opt=-pass-through=-lc -plugin-opt=-pass-through=-lgcc_s -plugin-opt=-pass-through=-lgcc --eh-frame-hdr -m elf_x86_64 -export-dynamic -dynamic-linker /lib64/ld-linux-x86-64.so.2 -o cmTC_0faed /lib/x86_64-linux-gnu/crt1.o /lib/x86_64-linux-gnu/crti.o /software/gcc/12.1.0/lib/gcc/x86_64-pc-linux-gnu/12.1.0/crtbegin.o -L/software/gcc/12.1.0/lib/gcc/x86_64-pc-linux-gnu/12.1.0 -L/software/gcc/12.1.0/lib/gcc/x86_64-pc-linux-gnu/12.1.0/../../../../lib64 -L/lib/x86_64-linux-gnu -L/lib/../lib64 -L/usr/lib/x86_64-linux-gnu -L/usr/lib/../lib64 -L/software/gcc/12.1.0/lib/gcc/x86_64-pc-linux-gnu/12.1.0/../../.. CMakeFiles/cmTC_0faed.dir/CMakeCXXCompilerABI.cpp.o -lstdc++ -lm -lgcc_s -lgcc -lc -lgcc_s -lgcc /software/gcc/12.1.0/lib/gcc/x86_64-pc-linux-gnu/12.1.0/crtend.o /lib/x86_64-linux-gnu/crtn.o
COLLECT_GCC_OPTIONS='-v' '-rdynamic' '-o' 'cmTC_0faed' '-shared-libgcc' '-mtune=generic' '-march=x86-64' '-dumpdir' 'cmTC_0faed.'



Parsed CXX implicit include dir info from above output: rv=done
  found start of include info
  found start of implicit include info
    add: [/home/seemaier/usr/include]
    add: [.]
    add: [/software/gcc/12.1.0/lib/gcc/x86_64-pc-linux-gnu/12.1.0/../../../../include/c++/12.1.0]
    add: [/software/gcc/12.1.0/lib/gcc/x86_64-pc-linux-gnu/12.1.0/../../../../include/c++/12.1.0/x86_64-pc-linux-gnu]
    add: [/software/gcc/12.1.0/lib/gcc/x86_64-pc-linux-gnu/12.1.0/../../../../include/c++/12.1.0/backward]
    add: [/software/gcc/12.1.0/lib/gcc/x86_64-pc-linux-gnu/12.1.0/include]
    add: [/usr/local/include]
    add: [/software/gcc/12.1.0/include]
    add: [/software/gcc/12.1.0/lib/gcc/x86_64-pc-linux-gnu/12.1.0/include-fixed]
    add: [/usr/include/x86_64-linux-gnu]
    add: [/usr/include]
  end of search list found
  collapse include dir [/home/seemaier/usr/include] ==> [/home/seemaier/usr/include]
  skipping relative include dir [.]
  collapse include dir [/software/gcc/12.1.0/lib/gcc/x86_64-pc-linux-gnu/12.1.0/../../../../include/c++/12.1.0] ==> [/software/gcc/12.1.0/include/c++/12.1.0]
  collapse include dir [/software/gcc/12.1.0/lib/gcc/x86_64-pc-linux-gnu/12.1.0/../../../../include/c++/12.1.0/x86_64-pc-linux-gnu] ==> [/software/gcc/12.1.0/include/c++/12.1.0/x86_64-pc-linux-gnu]
  collapse include dir [/software/gcc/12.1.0/lib/gcc/x86_64-pc-linux-gnu/12.1.0/../../../../include/c++/12.1.0/backward] ==> [/software/gcc/12.1.0/include/c++/12.1.0/backward]
  collapse include dir [/software/gcc/12.1.0/lib/gcc/x86_64-pc-linux-gnu/12.1.0/include] ==> [/software/gcc/12.1.0/lib/gcc/x86_64-pc-linux-gnu/12.1.0/include]
  collapse include dir [/usr/local/include] ==> [/usr/local/include]
  collapse include dir [/software/gcc/12.1.0/include] ==> [/software/gcc/12.1.0/include]
  collapse include dir [/software/gcc/12.1.0/lib/gcc/x86_64-pc-linux-gnu/12.1.0/include-fixed] ==> [/software/gcc/12.1.0/lib/gcc/x86_64-pc-linux-gnu/12.1.0/include-fixed]
  collapse include dir [/usr/include/x86_64-linux-gnu] ==> [/usr/include/x86_64-linux-gnu]
  collapse include dir [/usr/include] ==> [/usr/include]
  implicit include dirs: [/home/seemaier/usr/include;/software/gcc/12.1.0/include/c++/12.1.0;/software/gcc/12.1.0/include/c++/12.1.0/x86_64-pc-linux-gnu;/software/gcc/12.1.0/include/c++/12.1.0/backward;/software/gcc/12.1.0/lib/gcc/x86_64-pc-linux-gnu/12.1.0/include;/usr/local/include;/software/gcc/12.1.0/include;/software/gcc/12.1.0/lib/gcc/x86_64-pc-linux-gnu/12.1.0/include-fixed;/usr/include/x86_64-linux-gnu;/usr/include]


Parsed CXX implicit link information from above output:
  link line regex: [^( *|.*[/\])(ld|CMAKE_LINK_STARTFILE-NOTFOUND|([^/\]+-)?ld|collect2)[^/\]*( |$)]
  ignore line: [Change Dir: /home/seemaier/distributed-graph-partitioner/src/Driver/build/CMakeFiles/CMakeTmp]
  ignore line: []
  ignore line: [Run Build Command(s):/usr/bin/ninja cmTC_0faed && [1/2] Building CXX object CMakeFiles/cmTC_0faed.dir/CMakeCXXCompilerABI.cpp.o]
  ignore line: [Using built-in specs.]
  ignore line: [COLLECT_GCC=/software/gcc/12.1.0/bin/g++]
  ignore line: [Target: x86_64-pc-linux-gnu]
  ignore line: [Configured with: ../src/configure --prefix=/software/gcc/12.1.0 --enable-threads --enable-__cxa_atexit --disable-multilib --enable-languages=c c++ lto]
  ignore line: [Thread model: posix]
  ignore line: [Supported LTO compression algorithms: zlib]
  ignore line: [gcc version 12.1.0 (GCC) ]
  ignore line: [COLLECT_GCC_OPTIONS='-v' '-o' 'CMakeFiles/cmTC_0faed.dir/CMakeCXXCompilerABI.cpp.o' '-c' '-shared-libgcc' '-mtune=generic' '-march=x86-64' '-dumpdir' 'CMakeFiles/cmTC_0faed.dir/']
  ignore line: [ /software/gcc/12.1.0/libexec/gcc/x86_64-pc-linux-gnu/12.1.0/cc1plus -quiet -v -imultiarch x86_64-linux-gnu -D_GNU_SOURCE /home/seemaier/usr/share/cmake-3.19/Modules/CMakeCXXCompilerABI.cpp -quiet -dumpdir CMakeFiles/cmTC_0faed.dir/ -dumpbase CMakeCXXCompilerABI.cpp.cpp -dumpbase-ext .cpp -mtune=generic -march=x86-64 -version -o /tmp/cc0LaVnS.s]
  ignore line: [GNU C++17 (GCC) version 12.1.0 (x86_64-pc-linux-gnu)]
  ignore line: [	compiled by GNU C version 12.1.0  GMP version 6.2.1  MPFR version 4.1.0  MPC version 1.2.1  isl version isl-0.24-GMP]
  ignore line: []
  ignore line: [GGC heuristics: --param ggc-min-expand=100 --param ggc-min-heapsize=131072]
  ignore line: [ignoring nonexistent directory "/home/seemaier/usr/include137"]
  ignore line: [ignoring nonexistent directory "/home/seemaier/usr/include137"]
  ignore line: [ignoring duplicate directory "/home/seemaier/usr/include"]
  ignore line: [ignoring nonexistent directory "/usr/local/include/x86_64-linux-gnu"]
  ignore line: [ignoring nonexistent directory "/software/gcc/12.1.0/lib/gcc/x86_64-pc-linux-gnu/12.1.0/../../../../x86_64-pc-linux-gnu/include"]
  ignore line: [#include "..." search starts here:]
  ignore line: [#include <...> search starts here:]
  ignore line: [ /home/seemaier/usr/include]
  ignore line: [ .]
  ignore line: [ /software/gcc/12.1.0/lib/gcc/x86_64-pc-linux-gnu/12.1.0/../../../../include/c++/12.1.0]
  ignore line: [ /software/gcc/12.1.0/lib/gcc/x86_64-pc-linux-gnu/12.1.0/../../../../include/c++/12.1.0/x86_64-pc-linux-gnu]
  ignore line: [ /software/gcc/12.1.0/lib/gcc/x86_64-pc-linux-gnu/12.1.0/../../../../include/c++/12.1.0/backward]
  ignore line: [ /software/gcc/12.1.0/lib/gcc/x86_64-pc-linux-gnu/12.1.0/include]
  ignore line: [ /usr/local/include]
  ignore line: [ /software/gcc/12.1.0/include]
  ignore line: [ /software/gcc/12.1.0/lib/gcc/x86_64-pc-linux-gnu/12.1.0/include-fixed]
  ignore line: [ /usr/include/x86_64-linux-gnu]
  ignore line: [ /usr/include]
  ignore line: [End of search list.]
  ignore line: [GNU C++17 (GCC) version 12.1.0 (x86_64-pc-linux-gnu)]
  ignore line: [	compiled by GNU C version 12.1.0  GMP version 6.2.1  MPFR version 4.1.0  MPC version 1.2.1  isl version isl-0.24-GMP]
  ignore line: []
  ignore line: [GGC heuristics: --param ggc-min-expand=100 --param ggc-min-heapsize=131072]
  ignore line: [Compiler executable checksum: d5fc33b73b7cc439f7bc1580ac48c4fe]
  ignore line: [COLLECT_GCC_OPTIONS='-v' '-o' 'CMakeFiles/cmTC_0faed.dir/CMakeCXXCompilerABI.cpp.o' '-c' '-shared-libgcc' '-mtune=generic' '-march=x86-64' '-dumpdir' 'CMakeFiles/cmTC_0faed.dir/']
  ignore line: [ as -v --64 -o CMakeFiles/cmTC_0faed.dir/CMakeCXXCompilerABI.cpp.o /tmp/cc0LaVnS.s]
  ignore line: [GNU assembler version 2.34 (x86_64-linux-gnu) using BFD version (GNU Binutils for Ubuntu) 2.34]
  ignore line: [COMPILER_PATH=/software/gcc/12.1.0/libexec/gcc/x86_64-pc-linux-gnu/12.1.0/:/software/gcc/12.1.0/libexec/gcc/x86_64-pc-linux-gnu/12.1.0/:/software/gcc/12.1.0/libexec/gcc/x86_64-pc-linux-gnu/:/software/gcc/12.1.0/lib/gcc/x86_64-pc-linux-gnu/12.1.0/:/software/gcc/12.1.0/lib/gcc/x86_64-pc-linux-gnu/]
  ignore line: [LIBRARY_PATH=/software/gcc/12.1.0/lib/gcc/x86_64-pc-linux-gnu/12.1.0/:/software/gcc/12.1.0/lib/gcc/x86_64-pc-linux-gnu/12.1.0/../../../../lib64/:/lib/x86_64-linux-gnu/:/lib/../lib64/:/usr/lib/x86_64-linux-gnu/:/usr/lib/../lib64/:/software/gcc/12.1.0/lib/gcc/x86_64-pc-linux-gnu/12.1.0/../../../:/lib/:/usr/lib/]
  ignore line: [COLLECT_GCC_OPTIONS='-v' '-o' 'CMakeFiles/cmTC_0faed.dir/CMakeCXXCompilerABI.cpp.o' '-c' '-shared-libgcc' '-mtune=generic' '-march=x86-64' '-dumpdir' 'CMakeFiles/cmTC_0faed.dir/CMakeCXXCompilerABI.cpp.']
  ignore line: [[2/2] Linking CXX executable cmTC_0faed]
  ignore line: [Using built-in specs.]
  ignore line: [COLLECT_GCC=/software/gcc/12.1.0/bin/g++]
  ignore line: [COLLECT_LTO_WRAPPER=/software/gcc/12.1.0/libexec/gcc/x86_64-pc-linux-gnu/12.1.0/lto-wrapper]
  ignore line: [Target: x86_64-pc-linux-gnu]
  ignore line: [Configured with: ../src/configure --prefix=/software/gcc/12.1.0 --enable-threads --enable-__cxa_atexit --disable-multilib --enable-languages=c c++ lto]
  ignore line: [Thread model: posix]
  ignore line: [Supported LTO compression algorithms: zlib]
  ignore line: [gcc version 12.1.0 (GCC) ]
  ignore line: [COMPILER_PATH=/software/gcc/12.1.0/libexec/gcc/x86_64-pc-linux-gnu/12.1.0/:/software/gcc/12.1.0/libexec/gcc/x86_64-pc-linux-gnu/12.1.0/:/software/gcc/12.1.0/libexec/gcc/x86_64-pc-linux-gnu/:/software/gcc/12.1.0/lib/gcc/x86_64-pc-linux-gnu/12.1.0/:/software/gcc/12.1.0/lib/gcc/x86_64-pc-linux-gnu/]
  ignore line: [LIBRARY_PATH=/software/gcc/12.1.0/lib/gcc/x86_64-pc-linux-gnu/12.1.0/:/software/gcc/12.1.0/lib/gcc/x86_64-pc-linux-gnu/12.1.0/../../../../lib64/:/lib/x86_64-linux-gnu/:/lib/../lib64/:/usr/lib/x86_64-linux-gnu/:/usr/lib/../lib64/:/software/gcc/12.1.0/lib/gcc/x86_64-pc-linux-gnu/12.1.0/../../../:/lib/:/usr/lib/]
  ignore line: [COLLECT_GCC_OPTIONS='-v' '-rdynamic' '-o' 'cmTC_0faed' '-shared-libgcc' '-mtune=generic' '-march=x86-64' '-dumpdir' 'cmTC_0faed.']
  link line: [ /software/gcc/12.1.0/libexec/gcc/x86_64-pc-linux-gnu/12.1.0/collect2 -plugin /software/gcc/12.1.0/libexec/gcc/x86_64-pc-linux-gnu/12.1.0/liblto_plugin.so -plugin-opt=/software/gcc/12.1.0/libexec/gcc/x86_64-pc-linux-gnu/12.1.0/lto-wrapper -plugin-opt=-fresolution=/tmp/ccv5Wvxd.res -plugin-opt=-pass-through=-lgcc_s -plugin-opt=-pass-through=-lgcc -plugin-opt=-pass-through=-lc -plugin-opt=-pass-through=-lgcc_s -plugin-opt=-pass-through=-lgcc --eh-frame-hdr -m elf_x86_64 -export-dynamic -dynamic-linker /lib64/ld-linux-x86-64.so.2 -o cmTC_0faed /lib/x86_64-linux-gnu/crt1.o /lib/x86_64-linux-gnu/crti.o /software/gcc/12.1.0/lib/gcc/x86_64-pc-linux-gnu/12.1.0/crtbegin.o -L/software/gcc/12.1.0/lib/gcc/x86_64-pc-linux-gnu/12.1.0 -L/software/gcc/12.1.0/lib/gcc/x86_64-pc-linux-gnu/12.1.0/../../../../lib64 -L/lib/x86_64-linux-gnu -L/lib/../lib64 -L/usr/lib/x86_64-linux-gnu -L/usr/lib/../lib64 -L/software/gcc/12.1.0/lib/gcc/x86_64-pc-linux-gnu/12.1.0/../../.. CMakeFiles/cmTC_0faed.dir/CMakeCXXCompilerABI.cpp.o -lstdc++ -lm -lgcc_s -lgcc -lc -lgcc_s -lgcc /software/gcc/12.1.0/lib/gcc/x86_64-pc-linux-gnu/12.1.0/crtend.o /lib/x86_64-linux-gnu/crtn.o]
    arg [/software/gcc/12.1.0/libexec/gcc/x86_64-pc-linux-gnu/12.1.0/collect2] ==> ignore
    arg [-plugin] ==> ignore
    arg [/software/gcc/12.1.0/libexec/gcc/x86_64-pc-linux-gnu/12.1.0/liblto_plugin.so] ==> ignore
    arg [-plugin-opt=/software/gcc/12.1.0/libexec/gcc/x86_64-pc-linux-gnu/12.1.0/lto-wrapper] ==> ignore
    arg [-plugin-opt=-fresolution=/tmp/ccv5Wvxd.res] ==> ignore
    arg [-plugin-opt=-pass-through=-lgcc_s] ==> ignore
    arg [-plugin-opt=-pass-through=-lgcc] ==> ignore
    arg [-plugin-opt=-pass-through=-lc] ==> ignore
    arg [-plugin-opt=-pass-through=-lgcc_s] ==> ignore
    arg [-plugin-opt=-pass-through=-lgcc] ==> ignore
    arg [--eh-frame-hdr] ==> ignore
    arg [-m] ==> ignore
    arg [elf_x86_64] ==> ignore
    arg [-export-dynamic] ==> ignore
    arg [-dynamic-linker] ==> ignore
    arg [/lib64/ld-linux-x86-64.so.2] ==> ignore
    arg [-o] ==> ignore
    arg [cmTC_0faed] ==> ignore
    arg [/lib/x86_64-linux-gnu/crt1.o] ==> ignore
    arg [/lib/x86_64-linux-gnu/crti.o] ==> ignore
    arg [/software/gcc/12.1.0/lib/gcc/x86_64-pc-linux-gnu/12.1.0/crtbegin.o] ==> ignore
    arg [-L/software/gcc/12.1.0/lib/gcc/x86_64-pc-linux-gnu/12.1.0] ==> dir [/software/gcc/12.1.0/lib/gcc/x86_64-pc-linux-gnu/12.1.0]
    arg [-L/software/gcc/12.1.0/lib/gcc/x86_64-pc-linux-gnu/12.1.0/../../../../lib64] ==> dir [/software/gcc/12.1.0/lib/gcc/x86_64-pc-linux-gnu/12.1.0/../../../../lib64]
    arg [-L/lib/x86_64-linux-gnu] ==> dir [/lib/x86_64-linux-gnu]
    arg [-L/lib/../lib64] ==> dir [/lib/../lib64]
    arg [-L/usr/lib/x86_64-linux-gnu] ==> dir [/usr/lib/x86_64-linux-gnu]
    arg [-L/usr/lib/../lib64] ==> dir [/usr/lib/../lib64]
    arg [-L/software/gcc/12.1.0/lib/gcc/x86_64-pc-linux-gnu/12.1.0/../../..] ==> dir [/software/gcc/12.1.0/lib/gcc/x86_64-pc-linux-gnu/12.1.0/../../..]
    arg [CMakeFiles/cmTC_0faed.dir/CMakeCXXCompilerABI.cpp.o] ==> ignore
    arg [-lstdc++] ==> lib [stdc++]
    arg [-lm] ==> lib [m]
    arg [-lgcc_s] ==> lib [gcc_s]
    arg [-lgcc] ==> lib [gcc]
    arg [-lc] ==> lib [c]
    arg [-lgcc_s] ==> lib [gcc_s]
    arg [-lgcc] ==> lib [gcc]
    arg [/software/gcc/12.1.0/lib/gcc/x86_64-pc-linux-gnu/12.1.0/crtend.o] ==> ignore
    arg [/lib/x86_64-linux-gnu/crtn.o] ==> ignore
  collapse library dir [/software/gcc/12.1.0/lib/gcc/x86_64-pc-linux-gnu/12.1.0] ==> [/software/gcc/12.1.0/lib/gcc/x86_64-pc-linux-gnu/12.1.0]
  collapse library dir [/software/gcc/12.1.0/lib/gcc/x86_64-pc-linux-gnu/12.1.0/../../../../lib64] ==> [/software/gcc/12.1.0/lib64]
  collapse library dir [/lib/x86_64-linux-gnu] ==> [/lib/x86_64-linux-gnu]
  collapse library dir [/lib/../lib64] ==> [/lib64]
  collapse library dir [/usr/lib/x86_64-linux-gnu] ==> [/usr/lib/x86_64-linux-gnu]
  collapse library dir [/usr/lib/../lib64] ==> [/usr/lib64]
  collapse library dir [/software/gcc/12.1.0/lib/gcc/x86_64-pc-linux-gnu/12.1.0/../../..] ==> [/software/gcc/12.1.0/lib]
  implicit libs: [stdc++;m;gcc_s;gcc;c;gcc_s;gcc]
  implicit dirs: [/software/gcc/12.1.0/lib/gcc/x86_64-pc-linux-gnu/12.1.0;/software/gcc/12.1.0/lib64;/lib/x86_64-linux-gnu;/lib64;/usr/lib/x86_64-linux-gnu;/usr/lib64;/software/gcc/12.1.0/lib]
  implicit fwks: []


Detecting CXX OpenMP compiler ABI info compiled with the following output:
Change Dir: /home/seemaier/distributed-graph-partitioner/src/Driver/build/CMakeFiles/CMakeTmp

Run Build Command(s):/usr/bin/ninja cmTC_fbe3b && [1/2] Building CXX object CMakeFiles/cmTC_fbe3b.dir/OpenMPTryFlag.cpp.o
Using built-in specs.
COLLECT_GCC=/software/gcc/12.1.0/bin/g++
Target: x86_64-pc-linux-gnu
Configured with: ../src/configure --prefix=/software/gcc/12.1.0 --enable-threads --enable-__cxa_atexit --disable-multilib --enable-languages=c,c++,lto
Thread model: posix
Supported LTO compression algorithms: zlib
gcc version 12.1.0 (GCC) 
COLLECT_GCC_OPTIONS='-fopenmp' '-v' '-o' 'CMakeFiles/cmTC_fbe3b.dir/OpenMPTryFlag.cpp.o' '-c' '-shared-libgcc' '-mtune=generic' '-march=x86-64' '-pthread' '-dumpdir' 'CMakeFiles/cmTC_fbe3b.dir/'
 /software/gcc/12.1.0/libexec/gcc/x86_64-pc-linux-gnu/12.1.0/cc1plus -quiet -v -imultiarch x86_64-linux-gnu -D_GNU_SOURCE -D_REENTRANT /home/seemaier/distributed-graph-partitioner/src/Driver/build/CMakeFiles/FindOpenMP/OpenMPTryFlag.cpp -quiet -dumpdir CMakeFiles/cmTC_fbe3b.dir/ -dumpbase OpenMPTryFlag.cpp.cpp -dumpbase-ext .cpp -mtune=generic -march=x86-64 -version -fopenmp -o /tmp/cczBqhaz.s
GNU C++17 (GCC) version 12.1.0 (x86_64-pc-linux-gnu)
	compiled by GNU C version 12.1.0, GMP version 6.2.1, MPFR version 4.1.0, MPC version 1.2.1, isl version isl-0.24-GMP

GGC heuristics: --param ggc-min-expand=100 --param ggc-min-heapsize=131072
ignoring nonexistent directory "/home/seemaier/usr/include137"
ignoring nonexistent directory "/home/seemaier/usr/include137"
ignoring duplicate directory "/home/seemaier/usr/include"
ignoring nonexistent directory "/usr/local/include/x86_64-linux-gnu"
ignoring nonexistent directory "/software/gcc/12.1.0/lib/gcc/x86_64-pc-linux-gnu/12.1.0/../../../../x86_64-pc-linux-gnu/include"
#include "..." search starts here:
#include <...> search starts here:
 /home/seemaier/usr/include
 .
 /software/gcc/12.1.0/lib/gcc/x86_64-pc-linux-gnu/12.1.0/../../../../include/c++/12.1.0
 /software/gcc/12.1.0/lib/gcc/x86_64-pc-linux-gnu/12.1.0/../../../../include/c++/12.1.0/x86_64-pc-linux-gnu
 /software/gcc/12.1.0/lib/gcc/x86_64-pc-linux-gnu/12.1.0/../../../../include/c++/12.1.0/backward
 /software/gcc/12.1.0/lib/gcc/x86_64-pc-linux-gnu/12.1.0/include
 /usr/local/include
 /software/gcc/12.1.0/include
 /software/gcc/12.1.0/lib/gcc/x86_64-pc-linux-gnu/12.1.0/include-fixed
 /usr/include/x86_64-linux-gnu
 /usr/include
End of search list.
GNU C++17 (GCC) version 12.1.0 (x86_64-pc-linux-gnu)
	compiled by GNU C version 12.1.0, GMP version 6.2.1, MPFR version 4.1.0, MPC version 1.2.1, isl version isl-0.24-GMP

GGC heuristics: --param ggc-min-expand=100 --param ggc-min-heapsize=131072
Compiler executable checksum: d5fc33b73b7cc439f7bc1580ac48c4fe
COLLECT_GCC_OPTIONS='-fopenmp' '-v' '-o' 'CMakeFiles/cmTC_fbe3b.dir/OpenMPTryFlag.cpp.o' '-c' '-shared-libgcc' '-mtune=generic' '-march=x86-64' '-pthread' '-dumpdir' 'CMakeFiles/cmTC_fbe3b.dir/'
 as -v --64 -o CMakeFiles/cmTC_fbe3b.dir/OpenMPTryFlag.cpp.o /tmp/cczBqhaz.s
GNU assembler version 2.34 (x86_64-linux-gnu) using BFD version (GNU Binutils for Ubuntu) 2.34
COMPILER_PATH=/software/gcc/12.1.0/libexec/gcc/x86_64-pc-linux-gnu/12.1.0/:/software/gcc/12.1.0/libexec/gcc/x86_64-pc-linux-gnu/12.1.0/:/software/gcc/12.1.0/libexec/gcc/x86_64-pc-linux-gnu/:/software/gcc/12.1.0/lib/gcc/x86_64-pc-linux-gnu/12.1.0/:/software/gcc/12.1.0/lib/gcc/x86_64-pc-linux-gnu/
LIBRARY_PATH=/software/gcc/12.1.0/lib/gcc/x86_64-pc-linux-gnu/12.1.0/:/software/gcc/12.1.0/lib/gcc/x86_64-pc-linux-gnu/12.1.0/../../../../lib64/:/lib/x86_64-linux-gnu/:/lib/../lib64/:/usr/lib/x86_64-linux-gnu/:/usr/lib/../lib64/:/software/gcc/12.1.0/lib/gcc/x86_64-pc-linux-gnu/12.1.0/../../../:/lib/:/usr/lib/
COLLECT_GCC_OPTIONS='-fopenmp' '-v' '-o' 'CMakeFiles/cmTC_fbe3b.dir/OpenMPTryFlag.cpp.o' '-c' '-shared-libgcc' '-mtune=generic' '-march=x86-64' '-pthread' '-dumpdir' 'CMakeFiles/cmTC_fbe3b.dir/OpenMPTryFlag.cpp.'
[2/2] Linking CXX executable cmTC_fbe3b
Using built-in specs.
COLLECT_GCC=/software/gcc/12.1.0/bin/g++
COLLECT_LTO_WRAPPER=/software/gcc/12.1.0/libexec/gcc/x86_64-pc-linux-gnu/12.1.0/lto-wrapper
Target: x86_64-pc-linux-gnu
Configured with: ../src/configure --prefix=/software/gcc/12.1.0 --enable-threads --enable-__cxa_atexit --disable-multilib --enable-languages=c,c++,lto
Thread model: posix
Supported LTO compression algorithms: zlib
gcc version 12.1.0 (GCC) 
COMPILER_PATH=/software/gcc/12.1.0/libexec/gcc/x86_64-pc-linux-gnu/12.1.0/:/software/gcc/12.1.0/libexec/gcc/x86_64-pc-linux-gnu/12.1.0/:/software/gcc/12.1.0/libexec/gcc/x86_64-pc-linux-gnu/:/software/gcc/12.1.0/lib/gcc/x86_64-pc-linux-gnu/12.1.0/:/software/gcc/12.1.0/lib/gcc/x86_64-pc-linux-gnu/
LIBRARY_PATH=/software/gcc/12.1.0/lib/gcc/x86_64-pc-linux-gnu/12.1.0/:/software/gcc/12.1.0/lib/gcc/x86_64-pc-linux-gnu/12.1.0/../../../../lib64/:/lib/x86_64-linux-gnu/:/lib/../lib64/:/usr/lib/x86_64-linux-gnu/:/usr/lib/../lib64/:/software/gcc/12.1.0/lib/gcc/x86_64-pc-linux-gnu/12.1.0/../../../:/lib/:/usr/lib/
Reading specs from /software/gcc/12.1.0/lib/gcc/x86_64-pc-linux-gnu/12.1.0/../../../../lib64/libgomp.spec
COLLECT_GCC_OPTIONS='-fopenmp' '-v' '-o' 'cmTC_fbe3b' '-v' '-shared-libgcc' '-mtune=generic' '-march=x86-64' '-pthread' '-dumpdir' 'cmTC_fbe3b.'
 /software/gcc/12.1.0/libexec/gcc/x86_64-pc-linux-gnu/12.1.0/collect2 -plugin /software/gcc/12.1.0/libexec/gcc/x86_64-pc-linux-gnu/12.1.0/liblto_plugin.so -plugin-opt=/software/gcc/12.1.0/libexec/gcc/x86_64-pc-linux-gnu/12.1.0/lto-wrapper -plugin-opt=-fresolution=/tmp/ccQsMTYS.res -plugin-opt=-pass-through=-lgcc_s -plugin-opt=-pass-through=-lgcc -plugin-opt=-pass-through=-lpthread -plugin-opt=-pass-through=-lc -plugin-opt=-pass-through=-lgcc_s -plugin-opt=-pass-through=-lgcc --eh-frame-hdr -m elf_x86_64 -dynamic-linker /lib64/ld-linux-x86-64.so.2 -o cmTC_fbe3b /lib/x86_64-linux-gnu/crt1.o /lib/x86_64-linux-gnu/crti.o /software/gcc/12.1.0/lib/gcc/x86_64-pc-linux-gnu/12.1.0/crtbegin.o -L/software/gcc/12.1.0/lib/gcc/x86_64-pc-linux-gnu/12.1.0 -L/software/gcc/12.1.0/lib/gcc/x86_64-pc-linux-gnu/12.1.0/../../../../lib64 -L/lib/x86_64-linux-gnu -L/lib/../lib64 -L/usr/lib/x86_64-linux-gnu -L/usr/lib/../lib64 -L/software/gcc/12.1.0/lib/gcc/x86_64-pc-linux-gnu/12.1.0/../../.. CMakeFiles/cmTC_fbe3b.dir/OpenMPTryFlag.cpp.o -lstdc++ -lm -lgomp -lgcc_s -lgcc -lpthread -lc -lgcc_s -lgcc /software/gcc/12.1.0/lib/gcc/x86_64-pc-linux-gnu/12.1.0/crtend.o /lib/x86_64-linux-gnu/crtn.o
COLLECT_GCC_OPTIONS='-fopenmp' '-v' '-o' 'cmTC_fbe3b' '-v' '-shared-libgcc' '-mtune=generic' '-march=x86-64' '-pthread' '-dumpdir' 'cmTC_fbe3b.'



Parsed CXX OpenMP implicit link information from above output:
  link line regex: [^( *|.*[/\])(ld|CMAKE_LINK_STARTFILE-NOTFOUND|([^/\]+-)?ld|collect2)[^/\]*( |$)]
  ignore line: [Change Dir: /home/seemaier/distributed-graph-partitioner/src/Driver/build/CMakeFiles/CMakeTmp]
  ignore line: []
  ignore line: [Run Build Command(s):/usr/bin/ninja cmTC_fbe3b && [1/2] Building CXX object CMakeFiles/cmTC_fbe3b.dir/OpenMPTryFlag.cpp.o]
  ignore line: [Using built-in specs.]
  ignore line: [COLLECT_GCC=/software/gcc/12.1.0/bin/g++]
  ignore line: [Target: x86_64-pc-linux-gnu]
  ignore line: [Configured with: ../src/configure --prefix=/software/gcc/12.1.0 --enable-threads --enable-__cxa_atexit --disable-multilib --enable-languages=c c++ lto]
  ignore line: [Thread model: posix]
  ignore line: [Supported LTO compression algorithms: zlib]
  ignore line: [gcc version 12.1.0 (GCC) ]
  ignore line: [COLLECT_GCC_OPTIONS='-fopenmp' '-v' '-o' 'CMakeFiles/cmTC_fbe3b.dir/OpenMPTryFlag.cpp.o' '-c' '-shared-libgcc' '-mtune=generic' '-march=x86-64' '-pthread' '-dumpdir' 'CMakeFiles/cmTC_fbe3b.dir/']
  ignore line: [ /software/gcc/12.1.0/libexec/gcc/x86_64-pc-linux-gnu/12.1.0/cc1plus -quiet -v -imultiarch x86_64-linux-gnu -D_GNU_SOURCE -D_REENTRANT /home/seemaier/distributed-graph-partitioner/src/Driver/build/CMakeFiles/FindOpenMP/OpenMPTryFlag.cpp -quiet -dumpdir CMakeFiles/cmTC_fbe3b.dir/ -dumpbase OpenMPTryFlag.cpp.cpp -dumpbase-ext .cpp -mtune=generic -march=x86-64 -version -fopenmp -o /tmp/cczBqhaz.s]
  ignore line: [GNU C++17 (GCC) version 12.1.0 (x86_64-pc-linux-gnu)]
  ignore line: [	compiled by GNU C version 12.1.0  GMP version 6.2.1  MPFR version 4.1.0  MPC version 1.2.1  isl version isl-0.24-GMP]
  ignore line: []
  ignore line: [GGC heuristics: --param ggc-min-expand=100 --param ggc-min-heapsize=131072]
  ignore line: [ignoring nonexistent directory "/home/seemaier/usr/include137"]
  ignore line: [ignoring nonexistent directory "/home/seemaier/usr/include137"]
  ignore line: [ignoring duplicate directory "/home/seemaier/usr/include"]
  ignore line: [ignoring nonexistent directory "/usr/local/include/x86_64-linux-gnu"]
  ignore line: [ignoring nonexistent directory "/software/gcc/12.1.0/lib/gcc/x86_64-pc-linux-gnu/12.1.0/../../../../x86_64-pc-linux-gnu/include"]
  ignore line: [#include "..." search starts here:]
  ignore line: [#include <...> search starts here:]
  ignore line: [ /home/seemaier/usr/include]
  ignore line: [ .]
  ignore line: [ /software/gcc/12.1.0/lib/gcc/x86_64-pc-linux-gnu/12.1.0/../../../../include/c++/12.1.0]
  ignore line: [ /software/gcc/12.1.0/lib/gcc/x86_64-pc-linux-gnu/12.1.0/../../../../include/c++/12.1.0/x86_64-pc-linux-gnu]
  ignore line: [ /software/gcc/12.1.0/lib/gcc/x86_64-pc-linux-gnu/12.1.0/../../../../include/c++/12.1.0/backward]
  ignore line: [ /software/gcc/12.1.0/lib/gcc/x86_64-pc-linux-gnu/12.1.0/include]
  ignore line: [ /usr/local/include]
  ignore line: [ /software/gcc/12.1.0/include]
  ignore line: [ /software/gcc/12.1.0/lib/gcc/x86_64-pc-linux-gnu/12.1.0/include-fixed]
  ignore line: [ /usr/include/x86_64-linux-gnu]
  ignore line: [ /usr/include]
  ignore line: [End of search list.]
  ignore line: [GNU C++17 (GCC) version 12.1.0 (x86_64-pc-linux-gnu)]
  ignore line: [	compiled by GNU C version 12.1.0  GMP version 6.2.1  MPFR version 4.1.0  MPC version 1.2.1  isl version isl-0.24-GMP]
  ignore line: []
  ignore line: [GGC heuristics: --param ggc-min-expand=100 --param ggc-min-heapsize=131072]
  ignore line: [Compiler executable checksum: d5fc33b73b7cc439f7bc1580ac48c4fe]
  ignore line: [COLLECT_GCC_OPTIONS='-fopenmp' '-v' '-o' 'CMakeFiles/cmTC_fbe3b.dir/OpenMPTryFlag.cpp.o' '-c' '-shared-libgcc' '-mtune=generic' '-march=x86-64' '-pthread' '-dumpdir' 'CMakeFiles/cmTC_fbe3b.dir/']
  ignore line: [ as -v --64 -o CMakeFiles/cmTC_fbe3b.dir/OpenMPTryFlag.cpp.o /tmp/cczBqhaz.s]
  ignore line: [GNU assembler version 2.34 (x86_64-linux-gnu) using BFD version (GNU Binutils for Ubuntu) 2.34]
  ignore line: [COMPILER_PATH=/software/gcc/12.1.0/libexec/gcc/x86_64-pc-linux-gnu/12.1.0/:/software/gcc/12.1.0/libexec/gcc/x86_64-pc-linux-gnu/12.1.0/:/software/gcc/12.1.0/libexec/gcc/x86_64-pc-linux-gnu/:/software/gcc/12.1.0/lib/gcc/x86_64-pc-linux-gnu/12.1.0/:/software/gcc/12.1.0/lib/gcc/x86_64-pc-linux-gnu/]
  ignore line: [LIBRARY_PATH=/software/gcc/12.1.0/lib/gcc/x86_64-pc-linux-gnu/12.1.0/:/software/gcc/12.1.0/lib/gcc/x86_64-pc-linux-gnu/12.1.0/../../../../lib64/:/lib/x86_64-linux-gnu/:/lib/../lib64/:/usr/lib/x86_64-linux-gnu/:/usr/lib/../lib64/:/software/gcc/12.1.0/lib/gcc/x86_64-pc-linux-gnu/12.1.0/../../../:/lib/:/usr/lib/]
  ignore line: [COLLECT_GCC_OPTIONS='-fopenmp' '-v' '-o' 'CMakeFiles/cmTC_fbe3b.dir/OpenMPTryFlag.cpp.o' '-c' '-shared-libgcc' '-mtune=generic' '-march=x86-64' '-pthread' '-dumpdir' 'CMakeFiles/cmTC_fbe3b.dir/OpenMPTryFlag.cpp.']
  ignore line: [[2/2] Linking CXX executable cmTC_fbe3b]
  ignore line: [Using built-in specs.]
  ignore line: [COLLECT_GCC=/software/gcc/12.1.0/bin/g++]
  ignore line: [COLLECT_LTO_WRAPPER=/software/gcc/12.1.0/libexec/gcc/x86_64-pc-linux-gnu/12.1.0/lto-wrapper]
  ignore line: [Target: x86_64-pc-linux-gnu]
  ignore line: [Configured with: ../src/configure --prefix=/software/gcc/12.1.0 --enable-threads --enable-__cxa_atexit --disable-multilib --enable-languages=c c++ lto]
  ignore line: [Thread model: posix]
  ignore line: [Supported LTO compression algorithms: zlib]
  ignore line: [gcc version 12.1.0 (GCC) ]
  ignore line: [COMPILER_PATH=/software/gcc/12.1.0/libexec/gcc/x86_64-pc-linux-gnu/12.1.0/:/software/gcc/12.1.0/libexec/gcc/x86_64-pc-linux-gnu/12.1.0/:/software/gcc/12.1.0/libexec/gcc/x86_64-pc-linux-gnu/:/software/gcc/12.1.0/lib/gcc/x86_64-pc-linux-gnu/12.1.0/:/software/gcc/12.1.0/lib/gcc/x86_64-pc-linux-gnu/]
  ignore line: [LIBRARY_PATH=/software/gcc/12.1.0/lib/gcc/x86_64-pc-linux-gnu/12.1.0/:/software/gcc/12.1.0/lib/gcc/x86_64-pc-linux-gnu/12.1.0/../../../../lib64/:/lib/x86_64-linux-gnu/:/lib/../lib64/:/usr/lib/x86_64-linux-gnu/:/usr/lib/../lib64/:/software/gcc/12.1.0/lib/gcc/x86_64-pc-linux-gnu/12.1.0/../../../:/lib/:/usr/lib/]
  ignore line: [Reading specs from /software/gcc/12.1.0/lib/gcc/x86_64-pc-linux-gnu/12.1.0/../../../../lib64/libgomp.spec]
  ignore line: [COLLECT_GCC_OPTIONS='-fopenmp' '-v' '-o' 'cmTC_fbe3b' '-v' '-shared-libgcc' '-mtune=generic' '-march=x86-64' '-pthread' '-dumpdir' 'cmTC_fbe3b.']
  link line: [ /software/gcc/12.1.0/libexec/gcc/x86_64-pc-linux-gnu/12.1.0/collect2 -plugin /software/gcc/12.1.0/libexec/gcc/x86_64-pc-linux-gnu/12.1.0/liblto_plugin.so -plugin-opt=/software/gcc/12.1.0/libexec/gcc/x86_64-pc-linux-gnu/12.1.0/lto-wrapper -plugin-opt=-fresolution=/tmp/ccQsMTYS.res -plugin-opt=-pass-through=-lgcc_s -plugin-opt=-pass-through=-lgcc -plugin-opt=-pass-through=-lpthread -plugin-opt=-pass-through=-lc -plugin-opt=-pass-through=-lgcc_s -plugin-opt=-pass-through=-lgcc --eh-frame-hdr -m elf_x86_64 -dynamic-linker /lib64/ld-linux-x86-64.so.2 -o cmTC_fbe3b /lib/x86_64-linux-gnu/crt1.o /lib/x86_64-linux-gnu/crti.o /software/gcc/12.1.0/lib/gcc/x86_64-pc-linux-gnu/12.1.0/crtbegin.o -L/software/gcc/12.1.0/lib/gcc/x86_64-pc-linux-gnu/12.1.0 -L/software/gcc/12.1.0/lib/gcc/x86_64-pc-linux-gnu/12.1.0/../../../../lib64 -L/lib/x86_64-linux-gnu -L/lib/../lib64 -L/usr/lib/x86_64-linux-gnu -L/usr/lib/../lib64 -L/software/gcc/12.1.0/lib/gcc/x86_64-pc-linux-gnu/12.1.0/../../.. CMakeFiles/cmTC_fbe3b.dir/OpenMPTryFlag.cpp.o -lstdc++ -lm -lgomp -lgcc_s -lgcc -lpthread -lc -lgcc_s -lgcc /software/gcc/12.1.0/lib/gcc/x86_64-pc-linux-gnu/12.1.0/crtend.o /lib/x86_64-linux-gnu/crtn.o]
    arg [/software/gcc/12.1.0/libexec/gcc/x86_64-pc-linux-gnu/12.1.0/collect2] ==> ignore
    arg [-plugin] ==> ignore
    arg [/software/gcc/12.1.0/libexec/gcc/x86_64-pc-linux-gnu/12.1.0/liblto_plugin.so] ==> ignore
    arg [-plugin-opt=/software/gcc/12.1.0/libexec/gcc/x86_64-pc-linux-gnu/12.1.0/lto-wrapper] ==> ignore
    arg [-plugin-opt=-fresolution=/tmp/ccQsMTYS.res] ==> ignore
    arg [-plugin-opt=-pass-through=-lgcc_s] ==> ignore
    arg [-plugin-opt=-pass-through=-lgcc] ==> ignore
    arg [-plugin-opt=-pass-through=-lpthread] ==> ignore
    arg [-plugin-opt=-pass-through=-lc] ==> ignore
    arg [-plugin-opt=-pass-through=-lgcc_s] ==> ignore
    arg [-plugin-opt=-pass-through=-lgcc] ==> ignore
    arg [--eh-frame-hdr] ==> ignore
    arg [-m] ==> ignore
    arg [elf_x86_64] ==> ignore
    arg [-dynamic-linker] ==> ignore
    arg [/lib64/ld-linux-x86-64.so.2] ==> ignore
    arg [-o] ==> ignore
    arg [cmTC_fbe3b] ==> ignore
    arg [/lib/x86_64-linux-gnu/crt1.o] ==> ignore
    arg [/lib/x86_64-linux-gnu/crti.o] ==> ignore
    arg [/software/gcc/12.1.0/lib/gcc/x86_64-pc-linux-gnu/12.1.0/crtbegin.o] ==> ignore
    arg [-L/software/gcc/12.1.0/lib/gcc/x86_64-pc-linux-gnu/12.1.0] ==> dir [/software/gcc/12.1.0/lib/gcc/x86_64-pc-linux-gnu/12.1.0]
    arg [-L/software/gcc/12.1.0/lib/gcc/x86_64-pc-linux-gnu/12.1.0/../../../../lib64] ==> dir [/software/gcc/12.1.0/lib/gcc/x86_64-pc-linux-gnu/12.1.0/../../../../lib64]
    arg [-L/lib/x86_64-linux-gnu] ==> dir [/lib/x86_64-linux-gnu]
    arg [-L/lib/../lib64] ==> dir [/lib/../lib64]
    arg [-L/usr/lib/x86_64-linux-gnu] ==> dir [/usr/lib/x86_64-linux-gnu]
    arg [-L/usr/lib/../lib64] ==> dir [/usr/lib/../lib64]
    arg [-L/software/gcc/12.1.0/lib/gcc/x86_64-pc-linux-gnu/12.1.0/../../..] ==> dir [/software/gcc/12.1.0/lib/gcc/x86_64-pc-linux-gnu/12.1.0/../../..]
    arg [CMakeFiles/cmTC_fbe3b.dir/OpenMPTryFlag.cpp.o] ==> ignore
    arg [-lstdc++] ==> lib [stdc++]
    arg [-lm] ==> lib [m]
    arg [-lgomp] ==> lib [gomp]
    arg [-lgcc_s] ==> lib [gcc_s]
    arg [-lgcc] ==> lib [gcc]
    arg [-lpthread] ==> lib [pthread]
    arg [-lc] ==> lib [c]
    arg [-lgcc_s] ==> lib [gcc_s]
    arg [-lgcc] ==> lib [gcc]
    arg [/software/gcc/12.1.0/lib/gcc/x86_64-pc-linux-gnu/12.1.0/crtend.o] ==> ignore
    arg [/lib/x86_64-linux-gnu/crtn.o] ==> ignore
  collapse library dir [/software/gcc/12.1.0/lib/gcc/x86_64-pc-linux-gnu/12.1.0] ==> [/software/gcc/12.1.0/lib/gcc/x86_64-pc-linux-gnu/12.1.0]
  collapse library dir [/software/gcc/12.1.0/lib/gcc/x86_64-pc-linux-gnu/12.1.0/../../../../lib64] ==> [/software/gcc/12.1.0/lib64]
  collapse library dir [/lib/x86_64-linux-gnu] ==> [/lib/x86_64-linux-gnu]
  collapse library dir [/lib/../lib64] ==> [/lib64]
  collapse library dir [/usr/lib/x86_64-linux-gnu] ==> [/usr/lib/x86_64-linux-gnu]
  collapse library dir [/usr/lib/../lib64] ==> [/usr/lib64]
  collapse library dir [/software/gcc/12.1.0/lib/gcc/x86_64-pc-linux-gnu/12.1.0/../../..] ==> [/software/gcc/12.1.0/lib]
  implicit libs: [stdc++;m;gomp;gcc_s;gcc;pthread;c;gcc_s;gcc]
  implicit dirs: [/software/gcc/12.1.0/lib/gcc/x86_64-pc-linux-gnu/12.1.0;/software/gcc/12.1.0/lib64;/lib/x86_64-linux-gnu;/lib64;/usr/lib/x86_64-linux-gnu;/usr/lib64;/software/gcc/12.1.0/lib]
  implicit fwks: []


